This file contains any messages produced by compilers while
running configure, to aid debugging if configure makes a mistake.

It was created by configure, which was
generated by GNU Autoconf 2.61.  Invocation command line was

  $ ./configure --no-create --no-recursion

## --------- ##
## Platform. ##
## --------- ##

hostname = mach
uname -m = x86_64
uname -r = 2.6.24-19-generic
uname -s = Linux
uname -v = #1 SMP Fri Jul 11 21:01:46 UTC 2008

/usr/bin/uname -p = unknown
/bin/uname -X     = unknown

/bin/arch              = unknown
/usr/bin/arch -k       = unknown
/usr/convex/getsysinfo = unknown
/usr/bin/hostinfo      = unknown
/bin/machine           = unknown
/usr/bin/oslevel       = unknown
/bin/universe          = unknown

PATH: /usr/local/sbin
PATH: /usr/local/bin
PATH: /usr/sbin
PATH: /usr/bin
PATH: /sbin
PATH: /bin
PATH: /usr/games


## ----------- ##
## Core tests. ##
## ----------- ##

configure:1990: checking for gcc
configure:2006: found /usr/bin/gcc
configure:2017: result: gcc
configure:2255: checking for C compiler version
configure:2262: gcc --version >&5
gcc (GCC) 4.2.3 (Ubuntu 4.2.3-2ubuntu7)
Copyright (C) 2007 Free Software Foundation, Inc.
This is free software; see the source for copying conditions.  There is NO
warranty; not even for MERCHANTABILITY or FITNESS FOR A PARTICULAR PURPOSE.

configure:2265: $? = 0
configure:2272: gcc -v >&5
Using built-in specs.
Target: x86_64-linux-gnu
Configured with: ../src/configure -v --enable-languages=c,c++,fortran,objc,obj-c++,treelang --prefix=/usr --enable-shared --with-system-zlib --libexecdir=/usr/lib --without-included-gettext --enable-threads=posix --enable-nls --with-gxx-include-dir=/usr/include/c++/4.2 --program-suffix=-4.2 --enable-clocale=gnu --enable-libstdcxx-debug --enable-objc-gc --enable-mpfr --enable-checking=release --build=x86_64-linux-gnu --host=x86_64-linux-gnu --target=x86_64-linux-gnu
Thread model: posix
gcc version 4.2.3 (Ubuntu 4.2.3-2ubuntu7)
configure:2275: $? = 0
configure:2282: gcc -V >&5
gcc: '-V' option must have argument
configure:2285: $? = 1
configure:2308: checking for C compiler default output file name
configure:2335: gcc    conftest.c  >&5
configure:2338: $? = 0
configure:2376: result: a.out
configure:2393: checking whether the C compiler works
configure:2403: ./a.out
configure:2406: $? = 0
configure:2423: result: yes
configure:2430: checking whether we are cross compiling
configure:2432: result: no
configure:2435: checking for suffix of executables
configure:2442: gcc -o conftest    conftest.c  >&5
configure:2445: $? = 0
configure:2469: result: 
configure:2475: checking for suffix of object files
configure:2501: gcc -c   conftest.c >&5
configure:2504: $? = 0
configure:2527: result: o
configure:2531: checking whether we are using the GNU C compiler
configure:2560: gcc -c   conftest.c >&5
configure:2566: $? = 0
configure:2583: result: yes
configure:2588: checking whether gcc accepts -g
configure:2618: gcc -c -g  conftest.c >&5
configure:2624: $? = 0
configure:2723: result: yes
configure:2740: checking for gcc option to accept ISO C89
configure:2814: gcc  -c -g -O2  conftest.c >&5
configure:2820: $? = 0
configure:2843: result: none needed
configure:2907: checking for a BSD-compatible install
configure:2963: result: /usr/bin/install -c
configure:2974: checking whether build environment is sane
configure:3017: result: yes
configure:3082: checking for gawk
configure:3098: found /usr/bin/gawk
configure:3109: result: gawk
configure:3120: checking whether make sets $(MAKE)
configure:3141: result: yes
configure:3171: checking for style of include used by make
configure:3199: result: GNU
configure:3391: checking dependency style of gcc
configure:3481: result: gcc3
configure:3510: checking how to run the C preprocessor
configure:3550: gcc -E  conftest.c
configure:3556: $? = 0
configure:3587: gcc -E  conftest.c
conftest.c:10:28: error: ac_nonexistent.h: No such file or directory
configure:3593: $? = 1
configure: failed program was:
| /* confdefs.h.  */
| #define PACKAGE_NAME ""
| #define PACKAGE_TARNAME ""
| #define PACKAGE_VERSION ""
| #define PACKAGE_STRING ""
| #define PACKAGE_BUGREPORT ""
| #define PACKAGE "tts-api-provider"
| #define VERSION ""
| /* end confdefs.h.  */
| #include <ac_nonexistent.h>
configure:3626: result: gcc -E
configure:3655: gcc -E  conftest.c
configure:3661: $? = 0
configure:3692: gcc -E  conftest.c
conftest.c:10:28: error: ac_nonexistent.h: No such file or directory
configure:3698: $? = 1
configure: failed program was:
| /* confdefs.h.  */
| #define PACKAGE_NAME ""
| #define PACKAGE_TARNAME ""
| #define PACKAGE_VERSION ""
| #define PACKAGE_STRING ""
| #define PACKAGE_BUGREPORT ""
| #define PACKAGE "tts-api-provider"
| #define VERSION ""
| /* end confdefs.h.  */
| #include <ac_nonexistent.h>
configure:3736: checking for grep that handles long lines and -e
configure:3810: result: /bin/grep
configure:3815: checking for egrep
configure:3893: result: /bin/grep -E
configure:3898: checking for ANSI C header files
configure:3928: gcc -c -g -O2  conftest.c >&5
configure:3934: $? = 0
configure:4033: gcc -o conftest -g -O2   conftest.c  >&5
configure:4036: $? = 0
configure:4042: ./conftest
configure:4045: $? = 0
configure:4062: result: yes
configure:4086: checking for sys/types.h
configure:4107: gcc -c -g -O2  conftest.c >&5
configure:4113: $? = 0
configure:4129: result: yes
configure:4086: checking for sys/stat.h
configure:4107: gcc -c -g -O2  conftest.c >&5
configure:4113: $? = 0
configure:4129: result: yes
configure:4086: checking for stdlib.h
configure:4107: gcc -c -g -O2  conftest.c >&5
configure:4113: $? = 0
configure:4129: result: yes
configure:4086: checking for string.h
configure:4107: gcc -c -g -O2  conftest.c >&5
configure:4113: $? = 0
configure:4129: result: yes
configure:4086: checking for memory.h
configure:4107: gcc -c -g -O2  conftest.c >&5
configure:4113: $? = 0
configure:4129: result: yes
configure:4086: checking for strings.h
configure:4107: gcc -c -g -O2  conftest.c >&5
configure:4113: $? = 0
configure:4129: result: yes
configure:4086: checking for inttypes.h
configure:4107: gcc -c -g -O2  conftest.c >&5
configure:4113: $? = 0
configure:4129: result: yes
configure:4086: checking for stdint.h
configure:4107: gcc -c -g -O2  conftest.c >&5
configure:4113: $? = 0
configure:4129: result: yes
configure:4086: checking for unistd.h
configure:4107: gcc -c -g -O2  conftest.c >&5
configure:4113: $? = 0
configure:4129: result: yes
configure:4159: checking limits.h usability
configure:4176: gcc -c -g -O2  conftest.c >&5
configure:4182: $? = 0
configure:4196: result: yes
configure:4200: checking limits.h presence
configure:4215: gcc -E  conftest.c
configure:4221: $? = 0
configure:4235: result: yes
configure:4263: checking for limits.h
configure:4271: result: yes
configure:4159: checking sys/ioctl.h usability
configure:4176: gcc -c -g -O2  conftest.c >&5
configure:4182: $? = 0
configure:4196: result: yes
configure:4200: checking sys/ioctl.h presence
configure:4215: gcc -E  conftest.c
configure:4221: $? = 0
configure:4235: result: yes
configure:4263: checking for sys/ioctl.h
configure:4271: result: yes
configure:4159: checking sys/time.h usability
configure:4176: gcc -c -g -O2  conftest.c >&5
configure:4182: $? = 0
configure:4196: result: yes
configure:4200: checking sys/time.h presence
configure:4215: gcc -E  conftest.c
configure:4221: $? = 0
configure:4235: result: yes
configure:4263: checking for sys/time.h
configure:4271: result: yes
configure:4149: checking for unistd.h
configure:4155: result: yes
configure:4298: checking for a BSD-compatible install
configure:4354: result: /usr/bin/install -c
configure:4365: checking whether make sets $(MAKE)
configure:4386: result: yes
configure:4473: checking build system type
configure:4491: result: x86_64-unknown-linux-gnu
configure:4513: checking host system type
configure:4528: result: x86_64-unknown-linux-gnu
configure:4550: checking for a sed that does not truncate output
configure:4606: result: /bin/sed
configure:4620: checking for ld used by gcc
configure:4687: result: /usr/bin/ld
configure:4696: checking if the linker (/usr/bin/ld) is GNU ld
configure:4711: result: yes
configure:4716: checking for /usr/bin/ld option to reload object files
configure:4723: result: -r
configure:4741: checking for BSD-compatible nm
configure:4790: result: /usr/bin/nm -B
configure:4794: checking whether ln -s works
configure:4798: result: yes
configure:4805: checking how to recognize dependent libraries
configure:4991: result: pass_all
configure:5079: gcc -c -g -O2  conftest.c >&5
configure:5082: $? = 0
configure:5245: checking dlfcn.h usability
configure:5262: gcc -c -g -O2  conftest.c >&5
configure:5268: $? = 0
configure:5282: result: yes
configure:5286: checking dlfcn.h presence
configure:5301: gcc -E  conftest.c
configure:5307: $? = 0
configure:5321: result: yes
configure:5349: checking for dlfcn.h
configure:5357: result: yes
configure:5428: checking for g++
configure:5444: found /usr/local/bin/g++
configure:5455: result: g++
configure:5486: checking for C++ compiler version
configure:5493: g++ --version >&5
g++ (Ubuntu 4.3.2-0ubuntu3) 4.3.2
Copyright (C) 2008 Free Software Foundation, Inc.
This is free software; see the source for copying conditions.  There is NO
warranty; not even for MERCHANTABILITY or FITNESS FOR A PARTICULAR PURPOSE.

configure:5496: $? = 0
configure:5503: g++ -v >&5
Using built-in specs.
Target: x86_64-linux-gnu
Configured with: ../src/configure -v --with-pkgversion='Ubuntu 4.3.2-0ubuntu3' --with-bugurl=file:///usr/share/doc/gcc-4.3/README.Bugs --enable-languages=c,c++,fortran,objc,obj-c++ --prefix=/usr --enable-shared --with-system-zlib --libexecdir=/usr/lib --without-included-gettext --enable-threads=posix --enable-nls --with-gxx-include-dir=/usr/include/c++/4.3 --program-suffix=-4.3 --enable-clocale=gnu --enable-libstdcxx-debug --enable-objc-gc --enable-mpfr --enable-checking=release --build=x86_64-linux-gnu --host=x86_64-linux-gnu --target=x86_64-linux-gnu
Thread model: posix
gcc version 4.3.2 (Ubuntu 4.3.2-0ubuntu3) 
configure:5506: $? = 0
configure:5513: g++ -V >&5
g++: '-V' option must have argument
configure:5516: $? = 1
configure:5519: checking whether we are using the GNU C++ compiler
configure:5548: g++ -c   conftest.cpp >&5
configure:5554: $? = 0
configure:5571: result: yes
configure:5576: checking whether g++ accepts -g
configure:5606: g++ -c -g  conftest.cpp >&5
configure:5612: $? = 0
configure:5711: result: yes
configure:5736: checking dependency style of g++
configure:5826: result: gcc3
configure:5853: checking how to run the C++ preprocessor
configure:5889: g++ -E  conftest.cpp
configure:5895: $? = 0
configure:5926: g++ -E  conftest.cpp
conftest.cpp:25:28: error: ac_nonexistent.h: No such file or directory
configure:5932: $? = 1
configure: failed program was:
| /* confdefs.h.  */
| #define PACKAGE_NAME ""
| #define PACKAGE_TARNAME ""
| #define PACKAGE_VERSION ""
| #define PACKAGE_STRING ""
| #define PACKAGE_BUGREPORT ""
| #define PACKAGE "tts-api-provider"
| #define VERSION ""
| #define STDC_HEADERS 1
| #define HAVE_SYS_TYPES_H 1
| #define HAVE_SYS_STAT_H 1
| #define HAVE_STDLIB_H 1
| #define HAVE_STRING_H 1
| #define HAVE_MEMORY_H 1
| #define HAVE_STRINGS_H 1
| #define HAVE_INTTYPES_H 1
| #define HAVE_STDINT_H 1
| #define HAVE_UNISTD_H 1
| #define HAVE_LIMITS_H 1
| #define HAVE_SYS_IOCTL_H 1
| #define HAVE_SYS_TIME_H 1
| #define HAVE_UNISTD_H 1
| #define HAVE_DLFCN_H 1
| /* end confdefs.h.  */
| #include <ac_nonexistent.h>
configure:5965: result: g++ -E
configure:5994: g++ -E  conftest.cpp
configure:6000: $? = 0
configure:6031: g++ -E  conftest.cpp
conftest.cpp:25:28: error: ac_nonexistent.h: No such file or directory
configure:6037: $? = 1
configure: failed program was:
| /* confdefs.h.  */
| #define PACKAGE_NAME ""
| #define PACKAGE_TARNAME ""
| #define PACKAGE_VERSION ""
| #define PACKAGE_STRING ""
| #define PACKAGE_BUGREPORT ""
| #define PACKAGE "tts-api-provider"
| #define VERSION ""
| #define STDC_HEADERS 1
| #define HAVE_SYS_TYPES_H 1
| #define HAVE_SYS_STAT_H 1
| #define HAVE_STDLIB_H 1
| #define HAVE_STRING_H 1
| #define HAVE_MEMORY_H 1
| #define HAVE_STRINGS_H 1
| #define HAVE_INTTYPES_H 1
| #define HAVE_STDINT_H 1
| #define HAVE_UNISTD_H 1
| #define HAVE_LIMITS_H 1
| #define HAVE_SYS_IOCTL_H 1
| #define HAVE_SYS_TIME_H 1
| #define HAVE_UNISTD_H 1
| #define HAVE_DLFCN_H 1
| /* end confdefs.h.  */
| #include <ac_nonexistent.h>
configure:6130: checking for g77
configure:6160: result: no
configure:6130: checking for xlf
configure:6160: result: no
configure:6130: checking for f77
configure:6160: result: no
configure:6130: checking for frt
configure:6160: result: no
configure:6130: checking for pgf77
configure:6160: result: no
configure:6130: checking for cf77
configure:6160: result: no
configure:6130: checking for fort77
configure:6160: result: no
configure:6130: checking for fl32
configure:6160: result: no
configure:6130: checking for af77
configure:6160: result: no
configure:6130: checking for xlf90
configure:6160: result: no
configure:6130: checking for f90
configure:6160: result: no
configure:6130: checking for pgf90
configure:6160: result: no
configure:6130: checking for pghpf
configure:6160: result: no
configure:6130: checking for epcf90
configure:6160: result: no
configure:6130: checking for gfortran
configure:6160: result: no
configure:6130: checking for g95
configure:6160: result: no
configure:6130: checking for xlf95
configure:6160: result: no
configure:6130: checking for f95
configure:6160: result: no
configure:6130: checking for fort
configure:6160: result: no
configure:6130: checking for ifort
configure:6160: result: no
configure:6130: checking for ifc
configure:6160: result: no
configure:6130: checking for efc
configure:6160: result: no
configure:6130: checking for pgf95
configure:6160: result: no
configure:6130: checking for lf95
configure:6160: result: no
configure:6130: checking for ftn
configure:6160: result: no
configure:6187: checking for Fortran 77 compiler version
configure:6194:  --version >&5
./configure: line 6195: --version: command not found
configure:6197: $? = 127
configure:6204:  -v >&5
./configure: line 6205: -v: command not found
configure:6207: $? = 127
configure:6214:  -V >&5
./configure: line 6215: -V: command not found
configure:6217: $? = 127
configure:6225: checking whether we are using the GNU Fortran 77 compiler
configure:6244:  -c  conftest.F >&5
./configure: line 6245: -c: command not found
configure:6250: $? = 127
configure: failed program was:
|       program main
| #ifndef __GNUC__
|        choke me
| #endif
| 
|       end
configure:6267: result: no
configure:6273: checking whether  accepts -g
configure:6290:  -c -g conftest.f >&5
./configure: line 6291: -c: command not found
configure:6296: $? = 127
configure: failed program was:
|       program main
| 
|       end
configure:6312: result: no
configure:6341: checking the maximum length of command line arguments
configure:6453: result: 3458764513820540925
configure:6465: checking command to parse /usr/bin/nm -B output from gcc object
configure:6570: gcc -c -g -O2  conftest.c >&5
configure:6573: $? = 0
configure:6577: /usr/bin/nm -B conftest.o \| sed -n -e 's/^.*[ 	]\([ABCDGIRSTW][ABCDGIRSTW]*\)[ 	][ 	]*\([_A-Za-z][_A-Za-z0-9]*\)$/\1 \2 \2/p' \> conftest.nm
configure:6580: $? = 0
configure:6632: gcc -o conftest -g -O2   conftest.c conftstm.o >&5
configure:6635: $? = 0
configure:6673: result: ok
configure:6677: checking for objdir
configure:6692: result: .libs
configure:6784: checking for ar
configure:6800: found /usr/bin/ar
configure:6811: result: ar
configure:6880: checking for ranlib
configure:6896: found /usr/bin/ranlib
configure:6907: result: ranlib
configure:6976: checking for strip
configure:6992: found /usr/bin/strip
configure:7003: result: strip
configure:7601: checking if gcc supports -fno-rtti -fno-exceptions
configure:7619: gcc -c -g -O2  -fno-rtti -fno-exceptions conftest.c >&5
cc1: warning: command line option "-fno-rtti" is valid for C++/ObjC++ but not for C
configure:7623: $? = 0
configure:7636: result: no
configure:7651: checking for gcc option to produce PIC
configure:7883: result: -fPIC
configure:7891: checking if gcc PIC flag -fPIC works
configure:7909: gcc -c -g -O2  -fPIC -DPIC conftest.c >&5
configure:7913: $? = 0
configure:7926: result: yes
configure:7954: checking if gcc static flag -static works
configure:7982: result: yes
configure:7992: checking if gcc supports -c -o file.o
configure:8013: gcc -c -g -O2  -o out/conftest2.o conftest.c >&5
configure:8017: $? = 0
configure:8039: result: yes
configure:8065: checking whether the gcc linker (/usr/bin/ld -m elf_x86_64) supports shared libraries
configure:9046: result: yes
configure:9067: checking whether -lc should be explicitly linked in
configure:9072: gcc -c -g -O2  conftest.c >&5
configure:9075: $? = 0
configure:9090: gcc -shared conftest.o  -v -Wl,-soname -Wl,conftest -o conftest 2\>\&1 \| grep  -lc  \>/dev/null 2\>\&1
configure:9093: $? = 0
configure:9105: result: no
configure:9113: checking dynamic linker characteristics
configure:9727: result: GNU/Linux ld.so
configure:9751: checking how to hardcode library paths into programs
configure:9776: result: immediate
configure:9790: checking whether stripping libraries is possible
configure:9795: result: yes
configure:10597: checking if libtool supports shared libraries
configure:10599: result: yes
configure:10602: checking whether to build shared libraries
configure:10623: result: yes
configure:10626: checking whether to build static libraries
configure:10630: result: yes
configure:10724: creating libtool
configure:11317: checking for ld used by g++
configure:11384: result: /usr/bin/ld -m elf_x86_64
configure:11393: checking if the linker (/usr/bin/ld -m elf_x86_64) is GNU ld
configure:11408: result: yes
configure:11459: checking whether the g++ linker (/usr/bin/ld -m elf_x86_64) supports shared libraries
configure:12405: result: yes
configure:12422: g++ -c -g -O2  conftest.cpp >&5
configure:12425: $? = 0
configure:12581: checking for g++ option to produce PIC
configure:12865: result: -fPIC
configure:12873: checking if g++ PIC flag -fPIC works
configure:12891: g++ -c -g -O2  -fPIC -DPIC conftest.cpp >&5
configure:12895: $? = 0
configure:12908: result: yes
configure:12936: checking if g++ static flag -static works
configure:12964: result: yes
configure:12974: checking if g++ supports -c -o file.o
configure:12995: g++ -c -g -O2  -o out/conftest2.o conftest.cpp >&5
configure:12999: $? = 0
configure:13021: result: yes
configure:13047: checking whether the g++ linker (/usr/bin/ld -m elf_x86_64) supports shared libraries
configure:13076: result: yes
configure:13143: checking dynamic linker characteristics
configure:13705: result: GNU/Linux ld.so
configure:13729: checking how to hardcode library paths into programs
configure:13754: result: immediate
configure:20016: checking for g_list_append in -lglib-2.0
configure:20051: gcc -o conftest -g -O2   conftest.c -lglib-2.0   >&5
configure:20057: $? = 0
configure:20075: result: yes
configure:20084: checking for pthread_create in -lpthread
configure:20119: gcc -o conftest -g -O2   conftest.c -lpthread   >&5
configure:20125: $? = 0
configure:20143: result: yes
configure:20172: checking for espeak_Initialize in -lespeak
configure:20207: gcc -o conftest -g -O2   conftest.c -lespeak -lpthread -lm  >&5
configure:20213: $? = 0
configure:20231: result: yes
configure:20397: creating ./config.status

## ---------------- ##
## Cache variables. ##
## ---------------- ##

ac_cv_build=x86_64-unknown-linux-gnu
ac_cv_c_compiler_gnu=yes
ac_cv_cxx_compiler_gnu=yes
ac_cv_env_CCC_set=
ac_cv_env_CCC_value=
ac_cv_env_CC_set=
ac_cv_env_CC_value=
ac_cv_env_CFLAGS_set=
ac_cv_env_CFLAGS_value=
ac_cv_env_CPPFLAGS_set=
ac_cv_env_CPPFLAGS_value=
ac_cv_env_CPP_set=
ac_cv_env_CPP_value=
ac_cv_env_CXXCPP_set=
ac_cv_env_CXXCPP_value=
ac_cv_env_CXXFLAGS_set=
ac_cv_env_CXXFLAGS_value=
ac_cv_env_CXX_set=
ac_cv_env_CXX_value=
ac_cv_env_F77_set=
ac_cv_env_F77_value=
ac_cv_env_FFLAGS_set=
ac_cv_env_FFLAGS_value=
ac_cv_env_LDFLAGS_set=
ac_cv_env_LDFLAGS_value=
ac_cv_env_LIBS_set=
ac_cv_env_LIBS_value=
ac_cv_env_build_alias_set=
ac_cv_env_build_alias_value=
ac_cv_env_host_alias_set=
ac_cv_env_host_alias_value=
ac_cv_env_pidpath_set=
ac_cv_env_pidpath_value=
ac_cv_env_target_alias_set=
ac_cv_env_target_alias_value=
ac_cv_f77_compiler_gnu=no
ac_cv_header_dlfcn_h=yes
ac_cv_header_inttypes_h=yes
ac_cv_header_limits_h=yes
ac_cv_header_memory_h=yes
ac_cv_header_stdc=yes
ac_cv_header_stdint_h=yes
ac_cv_header_stdlib_h=yes
ac_cv_header_string_h=yes
ac_cv_header_strings_h=yes
ac_cv_header_sys_ioctl_h=yes
ac_cv_header_sys_stat_h=yes
ac_cv_header_sys_time_h=yes
ac_cv_header_sys_types_h=yes
ac_cv_header_unistd_h=yes
ac_cv_host=x86_64-unknown-linux-gnu
ac_cv_lib_espeak_espeak_Initialize=yes
ac_cv_lib_glib_2_0_g_list_append=yes
ac_cv_lib_pthread_pthread_create=yes
ac_cv_objext=o
ac_cv_path_EGREP='/bin/grep -E'
ac_cv_path_GREP=/bin/grep
ac_cv_path_install='/usr/bin/install -c'
ac_cv_prog_AWK=gawk
ac_cv_prog_CPP='gcc -E'
ac_cv_prog_CXXCPP='g++ -E'
ac_cv_prog_ac_ct_AR=ar
ac_cv_prog_ac_ct_CC=gcc
ac_cv_prog_ac_ct_CXX=g++
ac_cv_prog_ac_ct_RANLIB=ranlib
ac_cv_prog_ac_ct_STRIP=strip
ac_cv_prog_cc_c89=
ac_cv_prog_cc_g=yes
ac_cv_prog_cxx_g=yes
ac_cv_prog_f77_g=no
ac_cv_prog_make_make_set=yes
am_cv_CC_dependencies_compiler_type=gcc3
am_cv_CXX_dependencies_compiler_type=gcc3
lt_cv_deplibs_check_method=pass_all
lt_cv_file_magic_cmd='$MAGIC_CMD'
lt_cv_file_magic_test_file=
lt_cv_ld_reload_flag=-r
lt_cv_objdir=.libs
lt_cv_path_LD=/usr/bin/ld
lt_cv_path_LDCXX='/usr/bin/ld -m elf_x86_64'
lt_cv_path_NM='/usr/bin/nm -B'
lt_cv_path_SED=/bin/sed
lt_cv_prog_compiler_c_o=yes
lt_cv_prog_compiler_c_o_CXX=yes
lt_cv_prog_compiler_pic_works=yes
lt_cv_prog_compiler_pic_works_CXX=yes
lt_cv_prog_compiler_rtti_exceptions=no
lt_cv_prog_compiler_static_works=yes
lt_cv_prog_compiler_static_works_CXX=yes
lt_cv_prog_gnu_ld=yes
lt_cv_prog_gnu_ldcxx=yes
lt_cv_sys_global_symbol_pipe='sed -n -e '\''s/^.*[ 	]\([ABCDGIRSTW][ABCDGIRSTW]*\)[ 	][ 	]*\([_A-Za-z][_A-Za-z0-9]*\)$/\1 \2 \2/p'\'''
lt_cv_sys_global_symbol_to_c_name_address='sed -n -e '\''s/^: \([^ ]*\) $/  {\"\1\", (lt_ptr) 0},/p'\'' -e '\''s/^[BCDEGRST] \([^ ]*\) \([^ ]*\)$/  {"\2", (lt_ptr) \&\2},/p'\'''
lt_cv_sys_global_symbol_to_cdecl='sed -n -e '\''s/^. .* \(.*\)$/extern int \1;/p'\'''
lt_cv_sys_lib_dlsearch_path_spec='/lib /usr/lib /usr/local/lib /lib/x86_64-linux-gnu /usr/lib/x86_64-linux-gnu '
lt_cv_sys_lib_search_path_spec='/usr/lib/gcc/x86_64-linux-gnu/4.2.3 /usr/lib /lib'
lt_cv_sys_max_cmd_len=3458764513820540925
lt_lt_cv_prog_compiler_c_o='"yes"'
lt_lt_cv_prog_compiler_c_o_CXX='"yes"'
lt_lt_cv_sys_global_symbol_pipe='"sed -n -e '\''s/^.*[ 	]\\([ABCDGIRSTW][ABCDGIRSTW]*\\)[ 	][ 	]*\\([_A-Za-z][_A-Za-z0-9]*\\)\$/\\1 \\2 \\2/p'\''"'
lt_lt_cv_sys_global_symbol_to_c_name_address='"sed -n -e '\''s/^: \\([^ ]*\\) \$/  {\\\"\\1\\\", (lt_ptr) 0},/p'\'' -e '\''s/^[BCDEGRST] \\([^ ]*\\) \\([^ ]*\\)\$/  {\"\\2\", (lt_ptr) \\&\\2},/p'\''"'
lt_lt_cv_sys_global_symbol_to_cdecl='"sed -n -e '\''s/^. .* \\(.*\\)\$/extern int \\1;/p'\''"'

## ----------------- ##
## Output variables. ##
## ----------------- ##

ACLOCAL='${SHELL} /home/hanke/git/tts-api-provider/missing --run aclocal-1.9'
AMDEPBACKSLASH='\'
AMDEP_FALSE='#'
AMDEP_TRUE=''
AMTAR='${SHELL} /home/hanke/git/tts-api-provider/missing --run tar'
AR='ar'
AUTOCONF='${SHELL} /home/hanke/git/tts-api-provider/missing --run autoconf'
AUTOHEADER='${SHELL} /home/hanke/git/tts-api-provider/missing --run autoheader'
AUTOMAKE='${SHELL} /home/hanke/git/tts-api-provider/missing --run automake-1.9'
AWK='gawk'
CC='gcc'
CCDEPMODE='depmode=gcc3'
CFLAGS='-g -O2'
CPP='gcc -E'
CPPFLAGS=''
CXX='g++'
CXXCPP='g++ -E'
CXXDEPMODE='depmode=gcc3'
CXXFLAGS='-g -O2'
CYGPATH_W='echo'
DEFS='-DHAVE_CONFIG_H'
DEPDIR='.deps'
DSYMUTIL=''
ECHO='echo'
ECHO_C=''
ECHO_N='-n'
ECHO_T=''
EGREP='/bin/grep -E'
EXEEXT=''
F77=''
FFLAGS=''
GREP='/bin/grep'
INSTALL_DATA='${INSTALL} -m 644'
INSTALL_PROGRAM='${INSTALL}'
INSTALL_SCRIPT='${INSTALL}'
INSTALL_STRIP_PROGRAM='${SHELL} $(install_sh) -c -s'
LDFLAGS=''
LIBOBJS=''
LIBS=''
LIBTOOL='$(SHELL) $(top_builddir)/libtool'
LN_S='ln -s'
LTLIBOBJS=''
MAKEINFO='${SHELL} /home/hanke/git/tts-api-provider/missing --run makeinfo'
NMEDIT=''
OBJEXT='o'
PACKAGE='tts-api-provider'
PACKAGE_BUGREPORT=''
PACKAGE_NAME=''
PACKAGE_STRING=''
PACKAGE_TARNAME=''
PACKAGE_VERSION=''
PATH_SEPARATOR=':'
RANLIB='ranlib'
SED='/bin/sed'
SET_MAKE=''
SHELL='/bin/bash'
SNDFILE_CFLAGS=''
SNDFILE_LIBS=''
STRIP='strip'
VERSION=''
ac_ct_CC='gcc'
ac_ct_CXX='g++'
ac_ct_F77=''
am__fastdepCC_FALSE='#'
am__fastdepCC_TRUE=''
am__fastdepCXX_FALSE='#'
am__fastdepCXX_TRUE=''
am__include='include'
am__leading_dot='.'
am__quote=''
am__tar='${AMTAR} chof - "$$tardir"'
am__untar='${AMTAR} xf -'
bindir='${exec_prefix}/bin'
build='x86_64-unknown-linux-gnu'
build_alias=''
build_cpu='x86_64'
build_os='linux-gnu'
build_vendor='unknown'
datadir='${datarootdir}'
datarootdir='${prefix}/share'
docdir='${datarootdir}/doc/${PACKAGE}'
driverbindir='${libdir}/tts-api-provider'
dvidir='${docdir}'
espeak_support_FALSE='#'
espeak_support_TRUE=''
exec_prefix='${prefix}'
glib_include='-I/usr/include/glib-2.0 -I/usr/lib/glib-2.0/include  '
glib_libs='-lglib-2.0  '
gthread_libs='-pthread -lgthread-2.0 -lrt -lglib-2.0  '
host='x86_64-unknown-linux-gnu'
host_alias=''
host_cpu='x86_64'
host_os='linux-gnu'
host_vendor='unknown'
htmldir='${docdir}'
includedir='${prefix}/include'
infodir='${datarootdir}/info'
install_sh='/home/hanke/git/tts-api-provider/install-sh'
libdir='${exec_prefix}/lib'
libexecdir='${exec_prefix}/libexec'
localedir='${datarootdir}/locale'
localstatedir='${prefix}/var'
mandir='${datarootdir}/man'
mkdir_p='mkdir -p --'
oldincludedir='/usr/include'
pdfdir='${docdir}'
pidpath=''
prefix='/usr/local'
program_transform_name='s,x,x,'
psdir='${docdir}'
sbindir='${exec_prefix}/sbin'
sharedstatedir='${prefix}/com'
sysconfdir='${prefix}/etc'
target_alias=''
ttsapiconfdir='${sysconfdir}/tts-api-provider'

## ----------- ##
## confdefs.h. ##
## ----------- ##

#define PACKAGE_NAME ""
#define PACKAGE_TARNAME ""
#define PACKAGE_VERSION ""
#define PACKAGE_STRING ""
#define PACKAGE_BUGREPORT ""
#define PACKAGE "tts-api-provider"
#define VERSION ""
#define STDC_HEADERS 1
#define HAVE_SYS_TYPES_H 1
#define HAVE_SYS_STAT_H 1
#define HAVE_STDLIB_H 1
#define HAVE_STRING_H 1
#define HAVE_MEMORY_H 1
#define HAVE_STRINGS_H 1
#define HAVE_INTTYPES_H 1
#define HAVE_STDINT_H 1
#define HAVE_UNISTD_H 1
#define HAVE_LIMITS_H 1
#define HAVE_SYS_IOCTL_H 1
#define HAVE_SYS_TIME_H 1
#define HAVE_UNISTD_H 1
#define HAVE_DLFCN_H 1

configure: exit 0

## ---------------------- ##
## Running config.status. ##
## ---------------------- ##

This file was extended by config.status, which was
generated by GNU Autoconf 2.61.  Invocation command line was

  CONFIG_FILES    = 
  CONFIG_HEADERS  = 
  CONFIG_LINKS    = 
  CONFIG_COMMANDS = 
  $ ./config.status 

on mach

config.status:677: creating Makefile
config.status:677: creating conf/Makefile
config.status:677: creating src/Makefile
config.status:677: creating src/python/Makefile
config.status:677: creating src/c/Makefile
config.status:677: creating src/c/drivers/Makefile
config.status:677: creating config.h
config.status:902: config.h is unchanged
config.status:948: executing depfiles commands
